d:\program files\of_v0.9.3_vs_release\apps\heobp\opdracht1\obj\debug\main.obj
d:\program files\of_v0.9.3_vs_release\apps\heobp\opdracht1\obj\debug\ofapp.obj
d:\program files\of_v0.9.3_vs_release\apps\heobp\opdracht1\obj\debug\vc140.pdb
d:\program files\of_v0.9.3_vs_release\apps\heobp\opdracht1\obj\debug\particle.obj
d:\program files\of_v0.9.3_vs_release\apps\heobp\opdracht1\obj\debug\spawner.obj
d:\program files\of_v0.9.3_vs_release\apps\heobp\opdracht2\obj\debug\ofapp.obj
d:\program files\of_v0.9.3_vs_release\apps\heobp\opdracht2\obj\debug\main.obj
d:\program files\of_v0.9.3_vs_release\apps\heobp\opdracht1\bin\opdracht1_debug.ilk
d:\program files\of_v0.9.3_vs_release\apps\heobp\opdracht1\bin\opdracht1_debug.exe
d:\program files\of_v0.9.3_vs_release\apps\heobp\opdracht1\bin\opdracht1_debug.pdb
d:\program files\of_v0.9.3_vs_release\apps\heobp\opdracht2\bin\opdracht1_debug.ilk
d:\program files\of_v0.9.3_vs_release\apps\heobp\opdracht2\bin\opdracht1_debug.exe
d:\program files\of_v0.9.3_vs_release\apps\heobp\opdracht2\bin\opdracht1_debug.pdb
d:\program files\of_v0.9.3_vs_release\apps\heobp\opdracht1\bin\opdracht1_debug.lib
d:\program files\of_v0.9.3_vs_release\apps\heobp\opdracht1\bin\opdracht1_debug.exp
d:\program files\of_v0.9.3_vs_release\apps\heobp\opdracht2\bin\opdracht1_debug.lib
d:\program files\of_v0.9.3_vs_release\apps\heobp\opdracht2\bin\opdracht1_debug.exp
d:\program files\of_v0.9.3_vs_release\apps\heobp\opdracht1\obj\debug\icon.res
d:\program files\of_v0.9.3_vs_release\apps\heobp\opdracht2\obj\debug\icon.res
d:\program files\of_v0.9.3_vs_release\apps\heobp\opdracht2\obj\debug\opdracht1.vcxprojresolveassemblyreference.cache
d:\program files\of_v0.9.3_vs_release\apps\heobp\opdracht2\obj\debug\spawner.obj
d:\program files\of_v0.9.3_vs_release\apps\heobp\opdracht2\obj\debug\vc140.pdb
d:\program files\of_v0.9.3_vs_release\apps\heobp\opdracht2\obj\debug\opdracht1.tlog\cl.command.1.tlog
d:\program files\of_v0.9.3_vs_release\apps\heobp\opdracht2\obj\debug\opdracht1.tlog\cl.read.1.tlog
d:\program files\of_v0.9.3_vs_release\apps\heobp\opdracht2\obj\debug\opdracht1.tlog\cl.write.1.tlog
d:\program files\of_v0.9.3_vs_release\apps\heobp\opdracht2\obj\debug\opdracht1.tlog\link.command.1.tlog
d:\program files\of_v0.9.3_vs_release\apps\heobp\opdracht2\obj\debug\opdracht1.tlog\link.read.1.tlog
d:\program files\of_v0.9.3_vs_release\apps\heobp\opdracht2\obj\debug\opdracht1.tlog\link.write.1.tlog
d:\program files\of_v0.9.3_vs_release\apps\heobp\opdracht2\obj\debug\opdracht1.tlog\opdracht1.write.1u.tlog
d:\program files\of_v0.9.3_vs_release\apps\heobp\opdracht2\obj\debug\opdracht1.tlog\rc.command.1.tlog
d:\program files\of_v0.9.3_vs_release\apps\heobp\opdracht2\obj\debug\opdracht1.tlog\rc.read.1.tlog
d:\program files\of_v0.9.3_vs_release\apps\heobp\opdracht2\obj\debug\opdracht1.tlog\rc.write.1.tlog
